<?xml version="1.0" encoding="UTF-8"?>
<testng-results ignored="0" total="1" passed="1" failed="0" skipped="0">
  <reporter-output>
  </reporter-output>
  <suite started-at="2022-06-06T13:11:11 IST" name="Default suite" finished-at="2022-06-06T13:11:15 IST" duration-ms="3467">
    <groups>
    </groups>
    <test started-at="2022-06-06T13:11:11 IST" name="Default test" finished-at="2022-06-06T13:11:15 IST" duration-ms="3467">
      <class name="com.qa.swaglabs.TestCases.HomePageTestCases">
        <test-method is-config="true" signature="setUp()[pri:0, instance:com.qa.swaglabs.TestCases.HomePageTestCases@74751b3]" started-at="2022-06-06T13:11:11 IST" name="setUp" finished-at="2022-06-06T13:11:14 IST" duration-ms="2512" status="PASS">
          <reporter-output>
          </reporter-output>
        </test-method> <!-- setUp -->
        <test-method signature="AddToCartTestCase1()[pri:0, instance:com.qa.swaglabs.TestCases.HomePageTestCases@74751b3]" started-at="2022-06-06T13:11:14 IST" name="AddToCartTestCase1" finished-at="2022-06-06T13:11:14 IST" duration-ms="318" status="PASS">
          <reporter-output>
          </reporter-output>
        </test-method> <!-- AddToCartTestCase1 -->
        <test-method is-config="true" signature="cleanUp()[pri:0, instance:com.qa.swaglabs.TestCases.HomePageTestCases@74751b3]" started-at="2022-06-06T13:11:14 IST" name="cleanUp" finished-at="2022-06-06T13:11:15 IST" duration-ms="599" status="PASS">
          <reporter-output>
          </reporter-output>
        </test-method> <!-- cleanUp -->
      </class> <!-- com.qa.swaglabs.TestCases.HomePageTestCases -->
    </test> <!-- Default test -->
  </suite> <!-- Default suite -->
</testng-results>
